2014-09-29 16:17:47.348 HelloCordova[96454:70b] Multi-tasking -> Device: YES, App: YES
2014-09-29 16:17:47.385 HelloCordova[96454:70b] Unlimited access to network resources
2014-09-29 16:17:47.389 HelloCordova[96454:70b] 

Started backup to iCloud! Please be careful.
Your application might rejected by Apple if you store too much data.
For more information please read "iOS Data Storage Guidelines"
You could find it at the following address https://developer.apple.com/icloud/documentation/data-storage/ .

2014-09-29 16:17:48.088 HelloCordova[96454:70b] Resetting plugins due to page load.
2014-09-29 16:17:49.346 HelloCordova[96454:70b] Finished load of: file:///Users/deeppatel/Library/Application%20Support/iPhone%20Simulator/7.1/Applications/F8DABD01-E935-4A89-9D98-55B8CD23B859/HelloCordova.app/www/index.html
2014-10-06 18:04:16.706 HelloCordova[2329:11264] DiskCookieStorage changing policy from 2 to 0, cookie file: file:///Users/deeppatel/Library/Developer/CoreSimulator/Devices/ECB0915C-0E86-424A-BEA8-D3FE933E2BD5/data/Containers/Data/Application/9FA8BCF4-ADDC-4AB8-8943-CF24CDD208D0/Library/Cookies/Cookies.binarycookies
2014-10-06 18:04:16.778 HelloCordova[2329:11264] Multi-tasking -> Device: YES, App: YES
2014-10-06 18:04:16.790 HelloCordova[2329:11264] Unlimited access to network resources
2014-10-06 18:04:16.798 HelloCordova[2329:11264] 

Started backup to iCloud! Please be careful.
Your application might rejected by Apple if you store too much data.
For more information please read "iOS Data Storage Guidelines"
You could find it at the following address https://developer.apple.com/icloud/documentation/data-storage/ .

2014-10-06 18:04:17.718 HelloCordova[2329:11264] Resetting plugins due to page load.
2014-10-06 18:04:19.154 HelloCordova[2329:11264] Finished load of: file:///Users/deeppatel/Library/Developer/CoreSimulator/Devices/ECB0915C-0E86-424A-BEA8-D3FE933E2BD5/data/Containers/Bundle/Application/763BAF8D-BA32-441D-95C7-92F38B4F41D3/HelloCordova.app/www/index.html
2014-10-06 18:20:18.929 HelloCordova[2538:18374] Multi-tasking -> Device: YES, App: YES
2014-10-06 18:20:18.939 HelloCordova[2538:18374] Unlimited access to network resources
2014-10-06 18:20:18.942 HelloCordova[2538:18374] 

Started backup to iCloud! Please be careful.
Your application might rejected by Apple if you store too much data.
For more information please read "iOS Data Storage Guidelines"
You could find it at the following address https://developer.apple.com/icloud/documentation/data-storage/ .

2014-10-06 18:20:19.163 HelloCordova[2538:18374] Resetting plugins due to page load.
2014-10-06 18:20:19.522 HelloCordova[2538:18374] Finished load of: file:///Users/deeppatel/Library/Developer/CoreSimulator/Devices/ECB0915C-0E86-424A-BEA8-D3FE933E2BD5/data/Containers/Bundle/Application/5DA15E7B-D1A6-4A74-9FB8-029F88FA96C7/HelloCordova.app/www/index.html
2014-10-06 19:31:17.505 HelloCordova[1971:6613] Multi-tasking -> Device: YES, App: YES
2014-10-06 19:31:17.531 HelloCordova[1971:6613] Unlimited access to network resources
2014-10-06 19:31:17.538 HelloCordova[1971:6613] 

Started backup to iCloud! Please be careful.
Your application might rejected by Apple if you store too much data.
For more information please read "iOS Data Storage Guidelines"
You could find it at the following address https://developer.apple.com/icloud/documentation/data-storage/ .

2014-10-06 19:31:18.085 HelloCordova[1971:6613] Resetting plugins due to page load.
2014-10-06 19:31:18.730 HelloCordova[1971:6613] Finished load of: file:///Users/deeppatel/Library/Developer/CoreSimulator/Devices/ECB0915C-0E86-424A-BEA8-D3FE933E2BD5/data/Containers/Bundle/Application/5B2FB71F-054B-4C47-997B-431E6C28D22C/HelloCordova.app/www/index.html
2014-10-06 19:36:54.612 HelloCordova[2155:9220] Multi-tasking -> Device: YES, App: YES
2014-10-06 19:36:54.619 HelloCordova[2155:9220] Unlimited access to network resources
2014-10-06 19:36:54.622 HelloCordova[2155:9220] 

Started backup to iCloud! Please be careful.
Your application might rejected by Apple if you store too much data.
For more information please read "iOS Data Storage Guidelines"
You could find it at the following address https://developer.apple.com/icloud/documentation/data-storage/ .

2014-10-06 19:36:54.924 HelloCordova[2155:9220] Resetting plugins due to page load.
2014-10-06 19:36:56.533 HelloCordova[2155:9220] Finished load of: file:///Users/deeppatel/Library/Developer/CoreSimulator/Devices/ECB0915C-0E86-424A-BEA8-D3FE933E2BD5/data/Containers/Bundle/Application/BE93D48D-47B0-4AB5-97CC-FB2D01C1C174/HelloCordova.app/www/index.html
2014-10-06 19:37:29.059 HelloCordova[2279:9728] Multi-tasking -> Device: YES, App: YES
2014-10-06 19:37:29.066 HelloCordova[2279:9728] Unlimited access to network resources
2014-10-06 19:37:29.069 HelloCordova[2279:9728] 

Started backup to iCloud! Please be careful.
Your application might rejected by Apple if you store too much data.
For more information please read "iOS Data Storage Guidelines"
You could find it at the following address https://developer.apple.com/icloud/documentation/data-storage/ .

2014-10-06 19:37:29.371 HelloCordova[2279:9728] Resetting plugins due to page load.
2014-10-06 19:37:29.747 HelloCordova[2279:9728] Finished load of: file:///Users/deeppatel/Library/Developer/CoreSimulator/Devices/ECB0915C-0E86-424A-BEA8-D3FE933E2BD5/data/Containers/Bundle/Application/1C88BA35-BAB5-44DC-8582-62ECCD33883D/HelloCordova.app/www/index.html
2014-10-06 19:39:20.433 HelloCordova[2491:10728] Multi-tasking -> Device: YES, App: YES
2014-10-06 19:39:20.441 HelloCordova[2491:10728] Unlimited access to network resources
2014-10-06 19:39:20.444 HelloCordova[2491:10728] 

Started backup to iCloud! Please be careful.
Your application might rejected by Apple if you store too much data.
For more information please read "iOS Data Storage Guidelines"
You could find it at the following address https://developer.apple.com/icloud/documentation/data-storage/ .

2014-10-06 19:39:20.745 HelloCordova[2491:10728] Resetting plugins due to page load.
2014-10-06 19:39:21.086 HelloCordova[2491:10728] Finished load of: file:///Users/deeppatel/Library/Developer/CoreSimulator/Devices/ECB0915C-0E86-424A-BEA8-D3FE933E2BD5/data/Containers/Bundle/Application/31BD8A55-3C2F-4AC7-B88E-8475338EEF55/HelloCordova.app/www/index.html
2014-10-06 21:11:35.496 HelloCordova[3176:44719] Multi-tasking -> Device: YES, App: YES
2014-10-06 21:11:35.504 HelloCordova[3176:44719] Unlimited access to network resources
2014-10-06 21:11:35.507 HelloCordova[3176:44719] 

Started backup to iCloud! Please be careful.
Your application might rejected by Apple if you store too much data.
For more information please read "iOS Data Storage Guidelines"
You could find it at the following address https://developer.apple.com/icloud/documentation/data-storage/ .

2014-10-06 21:11:35.905 HelloCordova[3176:44719] Resetting plugins due to page load.
2014-10-06 21:11:36.234 HelloCordova[3176:44719] Finished load of: file:///Users/deeppatel/Library/Developer/CoreSimulator/Devices/ECB0915C-0E86-424A-BEA8-D3FE933E2BD5/data/Containers/Bundle/Application/0F019404-4C3B-42B4-8D2A-6F7A0BE53E4A/HelloCordova.app/www/index.html
